TN:
SF:src\app.ts
FN:34,(anonymous_0)
FNF:1
FNH:0
FNDA:0,(anonymous_0)
DA:13,0
DA:16,0
DA:17,0
DA:20,0
DA:21,0
DA:23,0
DA:27,0
DA:28,0
DA:31,0
DA:34,0
DA:35,0
DA:39,0
DA:42,0
LF:13
LH:0
BRDA:20,0,0,0
BRDA:20,0,1,0
BRF:2
BRH:0
end_of_record
TN:
SF:src\config\auth.ts
FNF:0
FNH:0
DA:1,5
DA:2,1
DA:5,4
DA:6,5
LF:4
LH:4
BRDA:1,0,0,1
BRDA:1,0,1,4
BRDA:1,1,0,5
BRDA:1,1,1,2
BRDA:5,2,0,4
BRDA:5,2,1,3
BRDA:6,3,0,5
BRDA:6,3,1,4
BRF:8
BRH:8
end_of_record
TN:
SF:src\config\database.ts
FN:7,(anonymous_0)
FN:27,(anonymous_1)
FNF:2
FNH:0
FNDA:0,(anonymous_0)
FNDA:0,(anonymous_1)
DA:8,0
DA:9,0
DA:11,0
DA:20,0
DA:28,0
DA:32,0
DA:33,0
LF:7
LH:0
BRDA:8,0,0,0
BRDA:8,0,1,0
BRDA:9,1,0,0
BRDA:9,1,1,0
BRDA:13,2,0,0
BRDA:13,2,1,0
BRDA:22,3,0,0
BRDA:22,3,1,0
BRF:8
BRH:0
end_of_record
TN:
SF:src\config\erede.ts
FNF:0
FNH:0
DA:1,31
DA:2,31
DA:4,31
DA:5,31
DA:6,31
DA:7,31
DA:10,31
DA:11,31
DA:12,31
LF:9
LH:9
BRDA:4,0,0,31
BRDA:4,0,1,1
BRDA:5,1,0,31
BRDA:5,1,1,1
BRDA:6,2,0,31
BRDA:6,2,1,31
BRDA:6,3,0,31
BRDA:6,3,1,31
BRDA:7,4,0,31
BRDA:7,4,1,31
BRDA:7,5,0,0
BRDA:7,5,1,31
BRDA:10,6,0,31
BRDA:10,6,1,30
BRDA:11,7,0,31
BRDA:11,7,1,0
BRDA:11,8,0,31
BRDA:11,8,1,0
BRDA:12,9,0,31
BRDA:12,9,1,0
BRF:20
BRH:16
end_of_record
TN:
SF:src\config\swagger.ts
FNF:0
FNH:0
DA:3,0
DA:233,0
LF:2
LH:0
BRF:0
BRH:0
end_of_record
TN:
SF:src\config\websocket.ts
FN:10,(anonymous_0)
FNF:1
FNH:0
FNDA:0,(anonymous_0)
DA:10,0
DA:11,0
DA:19,0
DA:21,0
DA:23,0
LF:5
LH:0
BRDA:13,0,0,0
BRDA:13,0,1,0
BRF:2
BRH:0
end_of_record
TN:
SF:src\controllers\AdminController.ts
FN:10,getPagination
FN:23,(anonymous_1)
FN:37,(anonymous_2)
FN:54,(anonymous_3)
FN:75,(anonymous_4)
FN:97,(anonymous_5)
FN:110,(anonymous_6)
FN:123,(anonymous_7)
FN:136,(anonymous_8)
FN:161,(anonymous_9)
FN:175,(anonymous_10)
FN:189,(anonymous_11)
FN:207,(anonymous_12)
FN:220,(anonymous_13)
FN:237,(anonymous_14)
FN:263,(anonymous_15)
FN:277,(anonymous_16)
FN:291,(anonymous_17)
FN:308,(anonymous_18)
FN:330,(anonymous_19)
FN:348,(anonymous_20)
FN:366,(anonymous_21)
FNF:22
FNH:0
FNDA:0,getPagination
FNDA:0,(anonymous_1)
FNDA:0,(anonymous_2)
FNDA:0,(anonymous_3)
FNDA:0,(anonymous_4)
FNDA:0,(anonymous_5)
FNDA:0,(anonymous_6)
FNDA:0,(anonymous_7)
FNDA:0,(anonymous_8)
FNDA:0,(anonymous_9)
FNDA:0,(anonymous_10)
FNDA:0,(anonymous_11)
FNDA:0,(anonymous_12)
FNDA:0,(anonymous_13)
FNDA:0,(anonymous_14)
FNDA:0,(anonymous_15)
FNDA:0,(anonymous_16)
FNDA:0,(anonymous_17)
FNDA:0,(anonymous_18)
FNDA:0,(anonymous_19)
FNDA:0,(anonymous_20)
FNDA:0,(anonymous_21)
DA:11,0
DA:12,0
DA:13,0
DA:15,0
DA:24,0
DA:25,0
DA:27,0
DA:33,0
DA:38,0
DA:39,0
DA:41,0
DA:47,0
DA:55,0
DA:56,0
DA:58,0
DA:64,0
DA:76,0
DA:77,0
DA:78,0
DA:80,0
DA:88,0
DA:90,0
DA:98,0
DA:99,0
DA:101,0
DA:103,0
DA:111,0
DA:112,0
DA:114,0
DA:116,0
DA:124,0
DA:125,0
DA:127,0
DA:129,0
DA:137,0
DA:138,0
DA:139,0
DA:141,0
DA:150,0
DA:162,0
DA:163,0
DA:164,0
DA:166,0
DA:168,0
DA:176,0
DA:177,0
DA:178,0
DA:180,0
DA:182,0
DA:190,0
DA:191,0
DA:192,0
DA:194,0
DA:196,0
DA:208,0
DA:209,0
DA:211,0
DA:213,0
DA:221,0
DA:222,0
DA:224,0
DA:226,0
DA:238,0
DA:240,0
DA:242,0
DA:254,0
DA:256,0
DA:264,0
DA:265,0
DA:266,0
DA:268,0
DA:270,0
DA:278,0
DA:279,0
DA:280,0
DA:282,0
DA:284,0
DA:292,0
DA:293,0
DA:295,0
DA:297,0
DA:309,0
DA:310,0
DA:311,0
DA:313,0
DA:321,0
DA:323,0
DA:331,0
DA:332,0
DA:333,0
DA:335,0
DA:337,0
DA:349,0
DA:350,0
DA:351,0
DA:353,0
DA:355,0
DA:367,0
DA:368,0
DA:369,0
DA:371,0
DA:379,0
DA:392,0
LF:103
LH:0
BRDA:11,0,0,0
BRDA:11,0,1,0
BRDA:12,1,0,0
BRDA:12,1,1,0
BRDA:84,2,0,0
BRDA:84,2,1,0
BRDA:245,3,0,0
BRDA:245,3,1,0
BRDA:246,4,0,0
BRDA:246,4,1,0
BRDA:247,5,0,0
BRDA:247,5,1,0
BRDA:251,6,0,0
BRDA:251,6,1,0
BRF:14
BRH:0
end_of_record
TN:
SF:src\controllers\AuthController.ts
FN:10,(anonymous_0)
FN:29,(anonymous_1)
FN:48,(anonymous_2)
FN:66,(anonymous_3)
FNF:4
FNH:0
FNDA:0,(anonymous_0)
FNDA:0,(anonymous_1)
FNDA:0,(anonymous_2)
FNDA:0,(anonymous_3)
DA:11,0
DA:12,0
DA:13,0
DA:15,0
DA:21,0
DA:30,0
DA:31,0
DA:32,0
DA:34,0
DA:40,0
DA:49,0
DA:50,0
DA:51,0
DA:53,0
DA:58,0
DA:67,0
DA:68,0
DA:69,0
DA:71,0
DA:76,0
LF:20
LH:0
BRF:0
BRH:0
end_of_record
TN:
SF:src\controllers\DebtController.ts
FN:12,(anonymous_0)
FN:31,(anonymous_1)
FNF:2
FNH:0
FNDA:0,(anonymous_0)
FNDA:0,(anonymous_1)
DA:13,0
DA:15,0
DA:16,0
DA:18,0
DA:23,0
DA:32,0
DA:33,0
DA:35,0
DA:40,0
LF:9
LH:0
BRF:0
BRH:0
end_of_record
TN:
SF:src\controllers\PaymentController.ts
FN:12,(anonymous_0)
FN:30,(anonymous_1)
FNF:2
FNH:1
FNDA:0,(anonymous_0)
FNDA:4,(anonymous_1)
DA:13,0
DA:14,0
DA:16,0
DA:22,0
DA:31,4
DA:32,4
DA:34,4
DA:35,3
DA:36,3
DA:37,2
DA:41,2
DA:43,2
DA:48,2
LF:13
LH:9
BRDA:34,0,0,3
BRDA:34,0,1,1
BRDA:36,1,0,2
BRDA:36,1,1,1
BRDA:36,2,0,3
BRDA:36,2,1,2
BRF:6
BRH:6
end_of_record
TN:
SF:src\controllers\PaymentHistoryController.ts
FN:10,(anonymous_0)
FN:27,(anonymous_1)
FN:44,(anonymous_2)
FNF:3
FNH:0
FNDA:0,(anonymous_0)
FNDA:0,(anonymous_1)
FNDA:0,(anonymous_2)
DA:11,0
DA:12,0
DA:14,0
DA:19,0
DA:28,0
DA:29,0
DA:31,0
DA:36,0
DA:45,0
DA:46,0
DA:48,0
DA:53,0
LF:12
LH:0
BRF:0
BRH:0
end_of_record
TN:
SF:src\controllers\UserController.ts
FN:14,(anonymous_0)
FN:28,(anonymous_1)
FN:65,(anonymous_2)
FN:79,(anonymous_3)
FNF:4
FNH:0
FNDA:0,(anonymous_0)
FNDA:0,(anonymous_1)
FNDA:0,(anonymous_2)
FNDA:0,(anonymous_3)
DA:15,0
DA:16,0
DA:18,0
DA:20,0
DA:29,0
DA:30,0
DA:43,0
DA:45,0
DA:46,0
DA:48,0
DA:49,0
DA:53,0
DA:55,0
DA:57,0
DA:66,0
DA:67,0
DA:69,0
DA:71,0
DA:80,0
DA:81,0
DA:83,0
DA:84,0
DA:87,0
DA:88,0
DA:91,0
DA:93,0
DA:95,0
LF:27
LH:0
BRDA:48,0,0,0
BRDA:48,0,1,0
BRDA:83,1,0,0
BRDA:83,1,1,0
BRDA:87,2,0,0
BRDA:87,2,1,0
BRF:6
BRH:0
end_of_record
TN:
SF:src\middlewares\authMiddleware.ts
FN:17,(anonymous_0)
FNF:1
FNH:1
FNDA:6,(anonymous_0)
DA:17,1
DA:18,6
DA:20,6
DA:21,1
DA:24,5
DA:26,5
DA:27,1
DA:30,4
DA:32,4
DA:33,4
DA:35,4
DA:41,4
DA:43,3
DA:44,1
DA:47,2
LF:15
LH:15
BRDA:20,0,0,1
BRDA:20,0,1,5
BRDA:26,1,0,1
BRDA:26,1,1,4
BRDA:26,2,0,5
BRDA:26,2,1,4
BRDA:43,3,0,1
BRDA:43,3,1,2
BRDA:43,4,0,3
BRDA:43,4,1,3
BRF:10
BRH:10
end_of_record
TN:
SF:src\middlewares\errorHandler.ts
FN:19,(anonymous_0)
FNF:1
FNH:0
FNDA:0,(anonymous_0)
DA:19,0
DA:21,0
DA:22,0
DA:27,0
DA:28,0
DA:31,0
DA:33,0
DA:37,0
DA:39,0
DA:40,0
DA:42,0
DA:47,0
DA:50,0
DA:51,0
DA:56,0
DA:60,0
DA:62,0
DA:63,0
DA:68,0
DA:72,0
DA:73,0
DA:78,0
DA:82,0
DA:84,0
LF:24
LH:0
BRDA:21,0,0,0
BRDA:21,0,1,0
BRDA:27,1,0,0
BRDA:27,1,1,0
BRDA:39,2,0,0
BRDA:39,2,1,0
BRDA:40,3,0,0
BRDA:40,3,1,0
BRDA:50,4,0,0
BRDA:50,4,1,0
BRDA:62,5,0,0
BRDA:62,5,1,0
BRDA:72,6,0,0
BRDA:72,6,1,0
BRDA:87,7,0,0
BRDA:87,7,1,0
BRF:16
BRH:0
end_of_record
TN:
SF:src\middlewares\rateLimitMiddleware.ts
FN:11,(anonymous_0)
FNF:1
FNH:0
FNDA:0,(anonymous_0)
DA:8,0
DA:12,0
DA:26,0
LF:3
LH:0
BRDA:9,0,0,0
BRDA:9,0,1,0
BRDA:9,1,0,0
BRDA:9,1,1,0
BRDA:10,2,0,0
BRDA:10,2,1,0
BRDA:10,3,0,0
BRDA:10,3,1,0
BRDA:12,4,0,0
BRDA:12,4,1,0
BRDA:12,5,0,0
BRDA:12,5,1,0
BRF:12
BRH:0
end_of_record
TN:
SF:src\middlewares\roleMiddleware.ts
FN:11,(anonymous_0)
FN:12,(anonymous_1)
FNF:2
FNH:2
FNDA:4,(anonymous_0)
FNDA:4,(anonymous_1)
DA:11,1
DA:12,4
DA:13,4
DA:14,1
DA:17,3
DA:18,1
DA:24,2
LF:7
LH:7
BRDA:13,0,0,1
BRDA:13,0,1,3
BRDA:17,1,0,1
BRDA:17,1,1,2
BRF:4
BRH:4
end_of_record
TN:
SF:src\repositories\ConsultantRepository.ts
FN:5,(anonymous_0)
FN:9,(anonymous_1)
FN:28,(anonymous_2)
FN:35,(anonymous_3)
FN:42,(anonymous_4)
FN:49,(anonymous_5)
FN:56,(anonymous_6)
FN:63,(anonymous_7)
FNF:8
FNH:0
FNDA:0,(anonymous_0)
FNDA:0,(anonymous_1)
FNDA:0,(anonymous_2)
FNDA:0,(anonymous_3)
FNDA:0,(anonymous_4)
FNDA:0,(anonymous_5)
FNDA:0,(anonymous_6)
FNDA:0,(anonymous_7)
DA:6,0
DA:16,0
DA:29,0
DA:36,0
DA:43,0
DA:50,0
DA:57,0
DA:70,0
DA:72,0
DA:73,0
DA:75,0
DA:78,0
LF:12
LH:0
BRF:0
BRH:0
end_of_record
TN:
SF:src\repositories\DebtRepository.ts
FN:5,(anonymous_0)
FN:9,(anonymous_1)
FN:16,(anonymous_2)
FN:35,(anonymous_3)
FN:42,(anonymous_4)
FN:49,(anonymous_5)
FN:69,(anonymous_6)
FN:76,(anonymous_7)
FNF:8
FNH:0
FNDA:0,(anonymous_0)
FNDA:0,(anonymous_1)
FNDA:0,(anonymous_2)
FNDA:0,(anonymous_3)
FNDA:0,(anonymous_4)
FNDA:0,(anonymous_5)
FNDA:0,(anonymous_6)
FNDA:0,(anonymous_7)
DA:6,0
DA:10,0
DA:22,0
DA:32,0
DA:36,0
DA:43,0
DA:50,0
DA:70,0
DA:77,0
LF:9
LH:0
BRF:0
BRH:0
end_of_record
TN:
SF:src\repositories\PasswordResetRepository.ts
FN:5,(anonymous_0)
FN:9,(anonymous_1)
FN:16,(anonymous_2)
FN:23,(anonymous_3)
FN:31,(anonymous_4)
FNF:5
FNH:0
FNDA:0,(anonymous_0)
FNDA:0,(anonymous_1)
FNDA:0,(anonymous_2)
FNDA:0,(anonymous_3)
FNDA:0,(anonymous_4)
DA:6,0
DA:10,0
DA:17,0
DA:24,0
DA:32,0
LF:5
LH:0
BRF:0
BRH:0
end_of_record
TN:
SF:src\repositories\PaymentRepository.ts
FN:5,(anonymous_0)
FN:15,(anonymous_1)
FN:25,(anonymous_2)
FN:49,(anonymous_3)
FN:59,(anonymous_4)
FN:68,(anonymous_5)
FN:77,(anonymous_6)
FN:88,(anonymous_7)
FN:97,(anonymous_8)
FNF:9
FNH:0
FNDA:0,(anonymous_0)
FNDA:0,(anonymous_1)
FNDA:0,(anonymous_2)
FNDA:0,(anonymous_3)
FNDA:0,(anonymous_4)
FNDA:0,(anonymous_5)
FNDA:0,(anonymous_6)
FNDA:0,(anonymous_7)
FNDA:0,(anonymous_8)
DA:6,0
DA:16,0
DA:31,0
DA:33,0
DA:46,0
DA:50,0
DA:60,0
DA:69,0
DA:78,0
DA:80,0
DA:89,0
DA:102,0
DA:116,0
LF:13
LH:0
BRDA:25,0,0,0
BRDA:36,1,0,0
BRDA:36,1,1,0
BRF:3
BRH:0
end_of_record
TN:
SF:src\repositories\SavedCardRepository.ts
FN:5,(anonymous_0)
FN:9,(anonymous_1)
FN:16,(anonymous_2)
FN:20,(anonymous_3)
FN:24,(anonymous_4)
FNF:5
FNH:0
FNDA:0,(anonymous_0)
FNDA:0,(anonymous_1)
FNDA:0,(anonymous_2)
FNDA:0,(anonymous_3)
FNDA:0,(anonymous_4)
DA:6,0
DA:10,0
DA:17,0
DA:21,0
DA:25,0
LF:5
LH:0
BRF:0
BRH:0
end_of_record
TN:
SF:src\repositories\SettingsRepository.ts
FN:4,(anonymous_0)
FN:9,(anonymous_1)
FN:17,(anonymous_2)
FN:19,(anonymous_3)
FN:22,(anonymous_4)
FN:24,(anonymous_5)
FNF:6
FNH:0
FNDA:0,(anonymous_0)
FNDA:0,(anonymous_1)
FNDA:0,(anonymous_2)
FNDA:0,(anonymous_3)
FNDA:0,(anonymous_4)
FNDA:0,(anonymous_5)
DA:5,0
DA:6,0
DA:10,0
DA:18,0
DA:19,0
DA:23,0
DA:25,0
LF:7
LH:0
BRDA:6,0,0,0
BRDA:6,0,1,0
BRF:2
BRH:0
end_of_record
TN:
SF:src\repositories\UserRepository.ts
FN:5,(anonymous_0)
FN:9,(anonymous_1)
FN:16,(anonymous_2)
FN:23,(anonymous_3)
FN:30,(anonymous_4)
FN:37,(anonymous_5)
FN:44,(anonymous_6)
FN:50,(anonymous_7)
FN:57,(anonymous_8)
FNF:9
FNH:0
FNDA:0,(anonymous_0)
FNDA:0,(anonymous_1)
FNDA:0,(anonymous_2)
FNDA:0,(anonymous_3)
FNDA:0,(anonymous_4)
FNDA:0,(anonymous_5)
FNDA:0,(anonymous_6)
FNDA:0,(anonymous_7)
FNDA:0,(anonymous_8)
DA:6,0
DA:10,0
DA:17,0
DA:24,0
DA:31,0
DA:38,0
DA:45,0
DA:51,0
DA:63,0
DA:74,0
LF:10
LH:0
BRDA:66,0,0,0
BRDA:66,0,1,0
BRF:2
BRH:0
end_of_record
TN:
SF:src\routes\adminRoutes.ts
FN:13,(anonymous_0)
FN:70,(anonymous_1)
FN:106,(anonymous_2)
FN:142,(anonymous_3)
FN:192,(anonymous_4)
FN:218,(anonymous_5)
FN:248,(anonymous_6)
FN:272,(anonymous_7)
FN:304,(anonymous_8)
FN:342,(anonymous_9)
FN:360,(anonymous_10)
FN:395,(anonymous_11)
FN:417,(anonymous_12)
FN:443,(anonymous_13)
FN:453,(anonymous_14)
FN:459,(anonymous_15)
FN:465,(anonymous_16)
FN:471,(anonymous_17)
FN:481,(anonymous_18)
FN:487,(anonymous_19)
FN:497,(anonymous_20)
FN:507,(anonymous_21)
FNF:22
FNH:0
FNDA:0,(anonymous_0)
FNDA:0,(anonymous_1)
FNDA:0,(anonymous_2)
FNDA:0,(anonymous_3)
FNDA:0,(anonymous_4)
FNDA:0,(anonymous_5)
FNDA:0,(anonymous_6)
FNDA:0,(anonymous_7)
FNDA:0,(anonymous_8)
FNDA:0,(anonymous_9)
FNDA:0,(anonymous_10)
FNDA:0,(anonymous_11)
FNDA:0,(anonymous_12)
FNDA:0,(anonymous_13)
FNDA:0,(anonymous_14)
FNDA:0,(anonymous_15)
FNDA:0,(anonymous_16)
FNDA:0,(anonymous_17)
FNDA:0,(anonymous_18)
FNDA:0,(anonymous_19)
FNDA:0,(anonymous_20)
FNDA:0,(anonymous_21)
DA:8,0
DA:10,0
DA:14,0
DA:16,0
DA:17,0
DA:19,0
DA:24,0
DA:66,0
DA:71,0
DA:102,0
DA:107,0
DA:138,0
DA:143,0
DA:190,0
DA:193,0
DA:216,0
DA:219,0
DA:246,0
DA:249,0
DA:270,0
DA:273,0
DA:302,0
DA:305,0
DA:340,0
DA:343,0
DA:358,0
DA:361,0
DA:393,0
DA:396,0
DA:415,0
DA:418,0
DA:441,0
DA:444,0
DA:451,0
DA:454,0
DA:457,0
DA:460,0
DA:463,0
DA:466,0
DA:469,0
DA:472,0
DA:479,0
DA:482,0
DA:485,0
DA:488,0
DA:495,0
DA:498,0
DA:505,0
DA:508,0
LF:49
LH:0
BRDA:16,0,0,0
BRDA:16,0,1,0
BRF:2
BRH:0
end_of_record
TN:
SF:src\routes\authRoutes.ts
FN:59,(anonymous_0)
FN:103,(anonymous_1)
FN:134,(anonymous_2)
FN:171,(anonymous_3)
FNF:4
FNH:0
FNDA:0,(anonymous_0)
FNDA:0,(anonymous_1)
FNDA:0,(anonymous_2)
FNDA:0,(anonymous_3)
DA:11,0
DA:59,0
DA:60,0
DA:103,0
DA:104,0
DA:134,0
DA:135,0
DA:171,0
DA:172,0
LF:9
LH:0
BRF:0
BRH:0
end_of_record
TN:
SF:src\routes\debtRoutes.ts
FN:88,(anonymous_0)
FN:127,(anonymous_1)
FNF:2
FNH:0
FNDA:0,(anonymous_0)
FNDA:0,(anonymous_1)
DA:5,0
DA:8,0
DA:88,0
DA:127,0
LF:4
LH:0
BRF:0
BRH:0
end_of_record
TN:
SF:src\routes\index.ts
FNF:0
FNH:0
DA:9,0
DA:11,0
DA:12,0
DA:13,0
DA:14,0
DA:15,0
DA:16,0
LF:7
LH:0
BRF:0
BRH:0
end_of_record
TN:
SF:src\routes\paymentHistoryRoutes.ts
FN:64,(anonymous_0)
FN:109,(anonymous_1)
FN:156,(anonymous_2)
FNF:3
FNH:0
FNDA:0,(anonymous_0)
FNDA:0,(anonymous_1)
FNDA:0,(anonymous_2)
DA:5,0
DA:8,0
DA:64,0
DA:109,0
DA:156,0
LF:5
LH:0
BRF:0
BRH:0
end_of_record
TN:
SF:src\routes\paymentRoutes.ts
FN:40,(anonymous_0)
FN:88,(anonymous_1)
FNF:2
FNH:0
FNDA:0,(anonymous_0)
FNDA:0,(anonymous_1)
DA:8,0
DA:40,0
DA:41,0
DA:45,0
DA:84,0
DA:89,0
LF:6
LH:0
BRF:0
BRH:0
end_of_record
TN:
SF:src\routes\userRoutes.ts
FN:27,(anonymous_0)
FN:85,(anonymous_1)
FN:102,(anonymous_2)
FN:129,(anonymous_3)
FNF:4
FNH:0
FNDA:0,(anonymous_0)
FNDA:0,(anonymous_1)
FNDA:0,(anonymous_2)
FNDA:0,(anonymous_3)
DA:7,0
DA:9,0
DA:26,0
DA:28,0
DA:82,0
DA:86,0
DA:101,0
DA:103,0
DA:128,0
DA:130,0
LF:10
LH:0
BRF:0
BRH:0
end_of_record
TN:
SF:src\services\AuthService.ts
FN:19,(anonymous_0)
FN:76,(anonymous_1)
FN:104,(anonymous_2)
FN:136,(anonymous_3)
FN:165,(anonymous_4)
FN:180,(anonymous_5)
FNF:6
FNH:6
FNDA:6,(anonymous_0)
FNDA:7,(anonymous_1)
FNDA:2,(anonymous_2)
FNDA:4,(anonymous_3)
FNDA:5,(anonymous_4)
FNDA:5,(anonymous_5)
DA:20,6
DA:22,6
DA:23,1
DA:27,5
DA:29,5
DA:30,1
DA:34,4
DA:36,4
DA:37,1
DA:41,3
DA:44,3
DA:52,3
DA:54,3
DA:55,2
DA:58,2
DA:59,2
DA:61,2
DA:62,2
DA:65,3
DA:67,3
DA:77,7
DA:79,7
DA:80,2
DA:83,5
DA:85,5
DA:86,1
DA:89,4
DA:90,2
DA:93,2
DA:95,2
DA:105,2
DA:107,2
DA:109,1
DA:113,1
DA:116,1
DA:117,1
DA:119,1
DA:126,1
DA:128,1
DA:130,1
DA:137,4
DA:139,4
DA:140,1
DA:143,3
DA:144,1
DA:147,2
DA:148,1
DA:152,1
DA:154,1
DA:157,1
DA:159,1
DA:166,5
DA:181,5
DA:183,5
LF:54
LH:54
BRDA:22,0,0,1
BRDA:22,0,1,5
BRDA:29,1,0,1
BRDA:29,1,1,4
BRDA:36,2,0,1
BRDA:36,2,1,3
BRDA:54,3,0,2
BRDA:54,3,1,1
BRDA:59,4,0,2
BRDA:59,4,1,0
BRDA:79,5,0,2
BRDA:79,5,1,5
BRDA:85,6,0,1
BRDA:85,6,1,4
BRDA:89,7,0,2
BRDA:89,7,1,2
BRDA:107,8,0,1
BRDA:107,8,1,1
BRDA:139,9,0,1
BRDA:139,9,1,3
BRDA:143,10,0,1
BRDA:143,10,1,2
BRDA:147,11,0,1
BRDA:147,11,1,1
BRF:24
BRH:23
end_of_record
TN:
SF:src\services\CsvImportService.ts
FN:60,(anonymous_0)
FN:139,(anonymous_1)
FN:226,(anonymous_2)
FNF:3
FNH:3
FNDA:2,(anonymous_0)
FNDA:4,(anonymous_1)
FNDA:9,(anonymous_2)
DA:43,1
DA:49,1
DA:61,2
DA:63,2
DA:64,0
DA:67,2
DA:69,2
DA:70,2
DA:71,2
DA:73,2
DA:75,2
DA:76,0
DA:77,0
DA:80,2
DA:82,2
DA:83,1
DA:84,1
DA:87,1
DA:89,1
DA:90,0
DA:91,0
DA:95,1
DA:104,1
DA:105,1
DA:107,1
DA:108,0
DA:110,0
DA:112,0
DA:116,0
DA:118,0
DA:121,1
DA:123,0
DA:127,2
DA:140,4
DA:142,4
DA:143,1
DA:146,3
DA:147,3
DA:148,3
DA:150,3
DA:151,3
DA:152,3
DA:154,3
DA:155,3
DA:156,0
DA:157,0
DA:160,3
DA:162,3
DA:163,0
DA:164,0
DA:169,3
DA:170,3
DA:172,3
DA:173,0
DA:176,0
DA:177,0
DA:181,3
DA:182,3
DA:185,3
DA:188,3
DA:189,1
DA:191,2
DA:194,3
DA:207,2
DA:209,1
DA:213,3
DA:227,9
DA:229,9
DA:230,1
DA:233,8
DA:235,8
DA:236,8
DA:237,8
DA:239,8
DA:240,8
DA:241,1
DA:242,1
DA:245,7
DA:247,7
DA:248,1
DA:249,1
DA:252,6
DA:253,6
DA:255,6
DA:256,1
DA:257,1
DA:260,5
DA:261,5
DA:263,5
DA:265,1
DA:266,1
DA:276,4
DA:277,4
DA:278,4
DA:286,3
DA:295,3
DA:297,3
DA:298,2
DA:302,4
DA:304,1
DA:308,8
LF:101
LH:83
BRDA:63,0,0,0
BRDA:63,0,1,2
BRDA:75,1,0,0
BRDA:75,1,1,2
BRDA:75,2,0,2
BRDA:75,2,1,2
BRDA:75,2,2,2
BRDA:75,2,3,2
BRDA:75,2,4,2
BRDA:82,3,0,1
BRDA:82,3,1,1
BRDA:89,4,0,0
BRDA:89,4,1,1
BRDA:104,5,0,1
BRDA:104,5,1,0
BRDA:107,6,0,0
BRDA:107,6,1,1
BRDA:112,7,0,0
BRDA:112,7,1,0
BRDA:118,8,0,0
BRDA:118,8,1,0
BRDA:142,9,0,1
BRDA:142,9,1,3
BRDA:155,10,0,0
BRDA:155,10,1,3
BRDA:155,11,0,3
BRDA:155,11,1,3
BRDA:155,11,2,3
BRDA:155,11,3,3
BRDA:162,12,0,0
BRDA:162,12,1,3
BRDA:162,13,0,3
BRDA:162,13,1,3
BRDA:172,14,0,0
BRDA:172,14,1,3
BRDA:188,15,0,1
BRDA:188,15,1,2
BRDA:188,16,0,3
BRDA:188,16,1,1
BRDA:191,17,0,2
BRDA:191,17,1,0
BRDA:197,18,0,3
BRDA:197,18,1,0
BRDA:198,19,0,3
BRDA:198,19,1,0
BRDA:199,20,0,3
BRDA:199,20,1,0
BRDA:229,21,0,1
BRDA:229,21,1,8
BRDA:240,22,0,1
BRDA:240,22,1,7
BRDA:240,23,0,8
BRDA:240,23,1,7
BRDA:240,23,2,7
BRDA:240,23,3,7
BRDA:240,23,4,7
BRDA:247,24,0,1
BRDA:247,24,1,6
BRDA:255,25,0,1
BRDA:255,25,1,5
BRDA:263,26,0,1
BRDA:263,26,1,4
BRDA:265,27,0,1
BRDA:265,27,1,0
BRDA:269,28,0,1
BRDA:269,28,1,0
BRDA:270,29,0,1
BRDA:270,29,1,0
BRDA:289,30,0,3
BRDA:289,30,1,0
BRDA:290,31,0,3
BRDA:290,31,1,0
BRDA:297,32,0,2
BRDA:297,32,1,1
BRDA:297,33,0,3
BRDA:297,33,1,3
BRF:76
BRH:55
end_of_record
TN:
SF:src\services\DebtService.ts
FN:37,(anonymous_0)
FN:55,(anonymous_1)
FN:68,(anonymous_2)
FN:88,(anonymous_3)
FN:95,(anonymous_4)
FN:103,(anonymous_5)
FN:120,(anonymous_6)
FN:209,(anonymous_7)
FNF:8
FNH:8
FNDA:23,(anonymous_0)
FNDA:2,(anonymous_1)
FNDA:1,(anonymous_2)
FNDA:1,(anonymous_3)
FNDA:2,(anonymous_4)
FNDA:1,(anonymous_5)
FNDA:23,(anonymous_6)
FNDA:21,(anonymous_7)
DA:38,23
DA:39,23
DA:40,21
DA:42,21
DA:49,21
DA:56,2
DA:58,2
DA:59,1
DA:62,1
DA:79,1
DA:89,1
DA:96,2
DA:97,2
DA:104,1
DA:105,1
DA:106,1
DA:107,1
DA:109,1
DA:121,23
DA:124,23
DA:125,3
DA:127,3
DA:128,1
DA:131,2
DA:132,20
DA:133,2
DA:135,2
DA:136,0
DA:139,2
DA:140,18
DA:141,3
DA:143,3
DA:144,1
DA:147,2
DA:152,21
DA:153,0
DA:155,0
DA:165,21
DA:166,14
DA:167,2
DA:170,14
DA:171,2
DA:175,21
DA:176,1
DA:179,21
DA:180,1
DA:182,1
DA:183,1
DA:186,1
DA:187,1
DA:191,21
DA:192,1
DA:194,1
DA:195,1
DA:198,1
DA:199,1
DA:203,21
DA:210,21
DA:218,21
DA:219,21
DA:221,21
LF:61
LH:58
BRDA:58,0,0,1
BRDA:58,0,1,1
BRDA:96,1,0,1
BRDA:96,1,1,1
BRDA:124,2,0,3
BRDA:124,2,1,20
BRDA:127,3,0,1
BRDA:127,3,1,2
BRDA:132,4,0,2
BRDA:132,4,1,18
BRDA:135,5,0,0
BRDA:135,5,1,2
BRDA:140,6,0,3
BRDA:140,6,1,15
BRDA:143,7,0,1
BRDA:143,7,1,2
BRDA:152,8,0,0
BRDA:152,8,1,21
BRDA:165,9,0,14
BRDA:165,9,1,7
BRDA:166,10,0,2
BRDA:166,10,1,12
BRDA:170,11,0,2
BRDA:170,11,1,12
BRDA:175,12,0,1
BRDA:175,12,1,20
BRDA:179,13,0,1
BRDA:179,13,1,20
BRDA:179,14,0,21
BRDA:179,14,1,20
BRDA:182,15,0,1
BRDA:182,15,1,0
BRDA:186,16,0,1
BRDA:186,16,1,0
BRDA:191,17,0,1
BRDA:191,17,1,20
BRDA:191,18,0,21
BRDA:191,18,1,20
BRDA:194,19,0,1
BRDA:194,19,1,0
BRDA:198,20,0,1
BRDA:198,20,1,0
BRDA:218,21,0,21
BRDA:218,21,1,19
BRDA:218,22,0,21
BRDA:218,22,1,18
BRDA:219,23,0,1
BRDA:219,23,1,20
BRF:48
BRH:42
end_of_record
TN:
SF:src\services\ERedeService.ts
FN:25,(anonymous_0)
FN:35,(anonymous_1)
FN:39,(anonymous_2)
FN:82,(anonymous_3)
FN:86,(anonymous_4)
FN:134,(anonymous_5)
FN:144,(anonymous_6)
FN:196,(anonymous_7)
FN:215,(anonymous_8)
FN:232,(anonymous_9)
FN:246,(anonymous_10)
FN:300,(anonymous_11)
FN:305,(anonymous_12)
FN:314,(anonymous_13)
FN:337,(anonymous_14)
FNF:15
FNH:12
FNDA:31,(anonymous_0)
FNDA:4,(anonymous_1)
FNDA:0,(anonymous_2)
FNDA:4,(anonymous_3)
FNDA:0,(anonymous_4)
FNDA:3,(anonymous_5)
FNDA:0,(anonymous_6)
FNDA:5,(anonymous_7)
FNDA:6,(anonymous_8)
FNDA:5,(anonymous_9)
FNDA:7,(anonymous_10)
FNDA:10,(anonymous_11)
FNDA:11,(anonymous_12)
FNDA:1,(anonymous_13)
FNDA:7,(anonymous_14)
DA:26,31
DA:27,31
DA:28,31
DA:29,31
DA:36,4
DA:38,4
DA:39,4
DA:41,4
DA:42,4
DA:53,2
DA:55,2
DA:56,1
DA:59,1
DA:62,1
DA:64,2
DA:66,1
DA:67,1
DA:70,0
DA:75,3
DA:83,4
DA:85,4
DA:86,4
DA:88,4
DA:89,4
DA:98,2
DA:100,2
DA:101,1
DA:102,1
DA:105,1
DA:115,3
DA:117,2
DA:118,1
DA:121,1
DA:126,4
DA:140,3
DA:142,3
DA:143,3
DA:144,3
DA:146,3
DA:147,3
DA:163,2
DA:165,2
DA:166,1
DA:167,1
DA:170,1
DA:176,2
DA:178,1
DA:179,1
DA:182,0
DA:187,3
DA:197,5
DA:198,3
DA:202,2
DA:203,1
DA:206,1
DA:216,6
DA:217,2
DA:220,4
DA:221,3
DA:222,2
DA:223,1
DA:226,1
DA:233,5
DA:235,5
DA:270,7
DA:301,10
DA:302,10
DA:306,11
DA:307,1
DA:315,1
DA:317,1
DA:338,7
DA:339,7
LF:73
LH:71
BRDA:55,0,0,1
BRDA:55,0,1,1
BRDA:56,1,0,1
BRDA:56,1,1,0
BRDA:56,1,2,0
BRDA:64,2,0,1
BRDA:64,2,1,1
BRDA:66,3,0,1
BRDA:66,3,1,0
BRDA:66,4,0,1
BRDA:66,4,1,1
BRDA:100,5,0,1
BRDA:100,5,1,1
BRDA:101,6,0,1
BRDA:101,6,1,0
BRDA:106,7,0,1
BRDA:106,7,1,0
BRDA:107,8,0,4
BRDA:107,8,1,0
BRDA:108,9,0,4
BRDA:108,9,1,0
BRDA:109,10,0,4
BRDA:109,10,1,0
BRDA:110,11,0,4
BRDA:110,11,1,0
BRDA:111,12,0,4
BRDA:111,12,1,0
BRDA:115,13,0,1
BRDA:115,13,1,2
BRDA:117,14,0,1
BRDA:117,14,1,1
BRDA:117,15,0,2
BRDA:117,15,1,2
BRDA:165,16,0,1
BRDA:165,16,1,1
BRDA:166,17,0,1
BRDA:166,17,1,0
BRDA:171,18,0,1
BRDA:171,18,1,0
BRDA:172,19,0,3
BRDA:172,19,1,0
BRDA:173,20,0,3
BRDA:173,20,1,0
BRDA:176,21,0,1
BRDA:176,21,1,1
BRDA:178,22,0,1
BRDA:178,22,1,0
BRDA:178,23,0,1
BRDA:178,23,1,1
BRDA:197,24,0,3
BRDA:197,24,1,2
BRDA:197,25,0,5
BRDA:197,25,1,4
BRDA:197,25,2,3
BRDA:202,26,0,1
BRDA:202,26,1,1
BRDA:216,27,0,2
BRDA:216,27,1,4
BRDA:220,28,0,3
BRDA:220,28,1,1
BRDA:221,29,0,1
BRDA:221,29,1,2
BRDA:222,30,0,1
BRDA:222,30,1,1
BRDA:223,31,0,1
BRDA:223,31,1,0
BRDA:289,32,0,7
BRDA:289,32,1,6
BRDA:294,33,0,7
BRDA:294,33,1,5
BRDA:306,34,0,1
BRDA:306,34,1,10
BRDA:306,35,0,11
BRDA:306,35,1,10
BRDA:318,36,0,1
BRDA:318,36,1,0
BRDA:319,37,0,1
BRDA:319,37,1,0
BRDA:320,38,0,1
BRDA:320,38,1,0
BRDA:321,39,0,1
BRDA:321,39,1,0
BRDA:322,40,0,0
BRDA:322,40,1,1
BRDA:323,41,0,0
BRDA:323,41,1,1
BRDA:324,42,0,0
BRDA:324,42,1,1
BRDA:325,43,0,1
BRDA:325,43,1,0
BRDA:327,44,0,1
BRDA:327,44,1,0
BRDA:328,45,0,1
BRDA:328,45,1,0
BRDA:329,46,0,1
BRDA:329,46,1,0
BRDA:339,47,0,7
BRDA:339,47,1,0
BRF:98
BRH:70
end_of_record
TN:
SF:src\services\EmailService.ts
FN:6,(anonymous_0)
FN:13,(anonymous_1)
FN:32,(anonymous_2)
FNF:3
FNH:0
FNDA:0,(anonymous_0)
FNDA:0,(anonymous_1)
FNDA:0,(anonymous_2)
DA:7,0
DA:14,0
DA:15,0
DA:26,0
DA:33,0
DA:35,0
DA:63,0
DA:64,0
DA:65,0
DA:67,0
LF:10
LH:0
BRDA:14,0,0,0
BRDA:14,0,1,0
BRDA:17,1,0,0
BRDA:17,1,1,0
BRDA:17,2,0,0
BRDA:17,2,1,0
BRDA:36,3,0,0
BRDA:36,3,1,0
BRF:8
BRH:0
end_of_record
TN:
SF:src\services\PaymentService.ts
FN:25,(anonymous_0)
FN:40,(anonymous_1)
FN:47,(anonymous_2)
FN:118,(anonymous_3)
FN:164,(anonymous_4)
FN:190,(anonymous_5)
FN:207,(anonymous_6)
FN:242,(anonymous_7)
FN:260,(anonymous_8)
FN:325,(anonymous_9)
FN:350,(anonymous_10)
FN:354,(anonymous_11)
FN:372,(anonymous_12)
FN:399,(anonymous_13)
FN:406,(anonymous_14)
FN:411,(anonymous_15)
FN:412,(anonymous_16)
FN:425,(anonymous_17)
FNF:18
FNH:15
FNDA:24,(anonymous_0)
FNDA:22,(anonymous_1)
FNDA:21,(anonymous_2)
FNDA:12,(anonymous_3)
FNDA:0,(anonymous_4)
FNDA:0,(anonymous_5)
FNDA:7,(anonymous_6)
FNDA:3,(anonymous_7)
FNDA:6,(anonymous_8)
FNDA:2,(anonymous_9)
FNDA:3,(anonymous_10)
FNDA:2,(anonymous_11)
FNDA:10,(anonymous_12)
FNDA:4,(anonymous_13)
FNDA:0,(anonymous_14)
FNDA:13,(anonymous_15)
FNDA:13,(anonymous_16)
FNDA:13,(anonymous_17)
DA:12,1
DA:26,24
DA:29,24
DA:31,24
DA:32,1
DA:35,23
DA:36,1
DA:40,22
DA:42,22
DA:43,1
DA:47,21
DA:48,21
DA:49,21
DA:51,21
DA:52,10
DA:53,10
DA:55,10
DA:57,10
DA:58,0
DA:64,11
DA:65,1
DA:68,10
DA:69,0
DA:74,13
DA:76,12
DA:78,12
DA:81,12
DA:92,24
DA:95,12
DA:98,12
DA:118,12
DA:123,12
DA:124,10
DA:128,12
DA:129,0
DA:130,0
DA:143,12
DA:152,24
DA:165,0
DA:166,0
DA:168,0
DA:169,0
DA:172,0
DA:173,0
DA:178,0
DA:184,0
DA:191,0
DA:193,0
DA:194,0
DA:197,0
DA:198,0
DA:201,0
DA:208,7
DA:209,1
DA:212,6
DA:214,6
DA:215,1
DA:218,5
DA:222,2
DA:223,1
DA:226,4
DA:229,4
DA:230,1
DA:233,3
DA:241,3
DA:242,3
DA:243,2
DA:246,3
DA:252,3
DA:261,6
DA:263,6
DA:264,1
DA:267,5
DA:268,1
DA:271,4
DA:272,1
DA:276,3
DA:277,3
DA:278,3
DA:281,3
DA:282,1
DA:292,2
DA:293,1
DA:300,1
DA:301,1
DA:302,1
DA:303,1
DA:305,1
DA:314,1
DA:332,2
DA:334,2
DA:335,1
DA:336,1
DA:337,1
DA:340,2
DA:351,3
DA:353,3
DA:354,2
DA:355,1
DA:358,3
DA:363,3
DA:373,10
DA:374,1
DA:377,9
DA:378,4
DA:384,5
DA:385,1
DA:391,4
DA:392,1
DA:403,4
DA:407,0
DA:408,0
DA:412,13
DA:413,13
DA:414,13
DA:415,13
DA:417,13
DA:418,1
DA:426,13
DA:427,13
LF:120
LH:100
BRDA:31,0,0,1
BRDA:31,0,1,23
BRDA:35,1,0,1
BRDA:35,1,1,22
BRDA:42,2,0,1
BRDA:42,2,1,21
BRDA:51,3,0,10
BRDA:51,3,1,11
BRDA:57,4,0,0
BRDA:57,4,1,10
BRDA:57,5,0,10
BRDA:57,5,1,3
BRDA:64,6,0,1
BRDA:64,6,1,10
BRDA:64,7,0,11
BRDA:64,7,1,1
BRDA:68,8,0,0
BRDA:68,8,1,10
BRDA:81,9,0,9
BRDA:81,9,1,3
BRDA:86,10,0,3
BRDA:86,10,1,0
BRDA:101,11,0,3
BRDA:101,11,1,9
BRDA:101,12,0,3
BRDA:101,12,1,0
BRDA:108,13,0,24
BRDA:108,13,1,0
BRDA:109,14,0,24
BRDA:109,14,1,12
BRDA:112,15,0,24
BRDA:112,15,1,12
BRDA:114,16,0,24
BRDA:114,16,1,1
BRDA:116,17,0,24
BRDA:116,17,1,1
BRDA:123,18,0,10
BRDA:123,18,1,2
BRDA:128,19,0,0
BRDA:128,19,1,12
BRDA:128,20,0,12
BRDA:128,20,1,3
BRDA:128,20,2,0
BRDA:128,20,3,0
BRDA:148,21,0,12
BRDA:148,21,1,1
BRDA:149,22,0,24
BRDA:149,22,1,1
BRDA:154,23,0,24
BRDA:154,23,1,1
BRDA:155,24,0,24
BRDA:155,24,1,1
BRDA:168,25,0,0
BRDA:168,25,1,0
BRDA:172,26,0,0
BRDA:172,26,1,0
BRDA:193,27,0,0
BRDA:193,27,1,0
BRDA:197,28,0,0
BRDA:197,28,1,0
BRDA:208,29,0,1
BRDA:208,29,1,6
BRDA:214,30,0,1
BRDA:214,30,1,5
BRDA:214,31,0,6
BRDA:214,31,1,3
BRDA:218,32,0,3
BRDA:218,32,1,2
BRDA:222,33,0,1
BRDA:222,33,1,1
BRDA:229,34,0,1
BRDA:229,34,1,3
BRDA:229,35,0,4
BRDA:229,35,1,1
BRDA:236,36,0,3
BRDA:236,36,1,0
BRDA:237,37,0,7
BRDA:237,37,1,1
BRDA:241,38,0,2
BRDA:241,38,1,1
BRDA:263,39,0,1
BRDA:263,39,1,5
BRDA:267,40,0,1
BRDA:267,40,1,4
BRDA:271,41,0,1
BRDA:271,41,1,3
BRDA:281,42,0,1
BRDA:281,42,1,2
BRDA:281,43,0,3
BRDA:281,43,1,1
BRDA:281,43,2,1
BRDA:292,44,0,1
BRDA:292,44,1,1
BRDA:292,45,0,2
BRDA:292,45,1,1
BRDA:307,46,0,1
BRDA:307,46,1,0
BRDA:310,47,0,6
BRDA:310,47,1,0
BRDA:311,48,0,6
BRDA:311,48,1,0
BRDA:316,49,0,1
BRDA:316,49,1,0
BRDA:317,50,0,6
BRDA:317,50,1,0
BRDA:334,51,0,1
BRDA:334,51,1,1
BRDA:334,52,0,2
BRDA:334,52,1,1
BRDA:336,53,0,1
BRDA:336,53,1,0
BRDA:337,54,0,0
BRDA:337,54,1,1
BRDA:353,55,0,1
BRDA:353,55,1,2
BRDA:373,56,0,1
BRDA:373,56,1,9
BRDA:373,57,0,10
BRDA:373,57,1,9
BRDA:377,58,0,4
BRDA:377,58,1,5
BRDA:377,59,0,9
BRDA:377,59,1,4
BRDA:384,60,0,1
BRDA:384,60,1,4
BRDA:384,61,0,5
BRDA:384,61,1,5
BRDA:384,61,2,2
BRDA:391,62,0,1
BRDA:391,62,1,3
BRDA:391,63,0,4
BRDA:391,63,1,3
BRDA:414,64,0,13
BRDA:414,64,1,0
BRDA:417,65,0,1
BRDA:417,65,1,12
BRF:136
BRH:111
end_of_record
TN:
SF:src\services\SavedCardService.ts
FN:19,(anonymous_0)
FN:45,(anonymous_1)
FN:49,(anonymous_2)
FNF:3
FNH:3
FNDA:3,(anonymous_0)
FNDA:2,(anonymous_1)
FNDA:3,(anonymous_2)
DA:20,3
DA:22,3
DA:30,2
DA:32,2
DA:33,1
DA:36,1
DA:46,2
DA:50,3
DA:52,3
DA:53,1
DA:56,2
DA:57,1
DA:60,1
LF:13
LH:13
BRDA:32,0,0,1
BRDA:32,0,1,1
BRDA:39,1,0,1
BRDA:39,1,1,0
BRDA:52,2,0,1
BRDA:52,2,1,2
BRDA:56,3,0,1
BRDA:56,3,1,1
BRF:8
BRH:7
end_of_record
TN:
SF:src\services\SettingsService.ts
FN:4,(anonymous_0)
FN:8,(anonymous_1)
FNF:2
FNH:2
FNDA:1,(anonymous_0)
FNDA:1,(anonymous_1)
DA:5,1
DA:9,1
DA:10,1
LF:3
LH:3
BRF:0
BRH:0
end_of_record
TN:
SF:src\services\UserService.ts
FN:19,(anonymous_0)
FN:31,(anonymous_1)
FN:43,(anonymous_2)
FN:56,(anonymous_3)
FN:59,(anonymous_4)
FN:66,(anonymous_5)
FN:88,(anonymous_6)
FN:100,(anonymous_7)
FN:113,(anonymous_8)
FN:126,(anonymous_9)
FN:148,(anonymous_10)
FN:156,(anonymous_11)
FN:171,(anonymous_12)
FN:188,(anonymous_13)
FN:191,(anonymous_14)
FN:201,(anonymous_15)
FNF:16
FNH:15
FNDA:6,(anonymous_0)
FNDA:2,(anonymous_1)
FNDA:2,(anonymous_2)
FNDA:1,(anonymous_3)
FNDA:2,(anonymous_4)
FNDA:4,(anonymous_5)
FNDA:1,(anonymous_6)
FNDA:2,(anonymous_7)
FNDA:2,(anonymous_8)
FNDA:3,(anonymous_9)
FNDA:1,(anonymous_10)
FNDA:0,(anonymous_11)
FNDA:2,(anonymous_12)
FNDA:4,(anonymous_13)
FNDA:2,(anonymous_14)
FNDA:3,(anonymous_15)
DA:20,6
DA:22,6
DA:23,1
DA:26,5
DA:28,5
DA:32,2
DA:34,2
DA:35,1
DA:38,1
DA:40,1
DA:44,2
DA:46,2
DA:47,1
DA:50,1
DA:51,1
DA:53,1
DA:57,1
DA:59,1
DA:60,2
DA:62,2
DA:67,4
DA:69,4
DA:70,4
DA:72,4
DA:73,1
DA:75,1
DA:76,1
DA:78,1
DA:81,4
DA:87,4
DA:88,1
DA:101,2
DA:103,2
DA:104,1
DA:107,1
DA:108,1
DA:110,1
DA:114,2
DA:116,2
DA:117,1
DA:120,1
DA:127,3
DA:129,3
DA:130,1
DA:133,2
DA:135,2
DA:143,2
DA:145,2
DA:149,1
DA:155,1
DA:156,0
DA:172,2
DA:173,2
DA:174,1
DA:182,2
DA:189,4
DA:190,1
DA:191,2
DA:192,3
DA:193,1
DA:194,2
DA:195,1
DA:197,1
DA:202,3
DA:204,3
DA:205,1
DA:208,2
DA:209,1
DA:212,1
DA:213,1
DA:215,1
LF:71
LH:70
BRDA:22,0,0,1
BRDA:22,0,1,5
BRDA:34,1,0,1
BRDA:34,1,1,1
BRDA:46,2,0,1
BRDA:46,2,1,1
BRDA:69,3,0,1
BRDA:69,3,1,3
BRDA:70,4,0,1
BRDA:70,4,1,3
BRDA:72,5,0,1
BRDA:72,5,1,3
BRDA:72,6,0,4
BRDA:72,6,1,3
BRDA:75,7,0,1
BRDA:75,7,1,0
BRDA:76,8,0,1
BRDA:76,8,1,0
BRDA:103,9,0,1
BRDA:103,9,1,1
BRDA:116,10,0,1
BRDA:116,10,1,1
BRDA:129,11,0,1
BRDA:129,11,1,2
BRDA:173,12,0,1
BRDA:173,12,1,1
BRDA:177,13,0,1
BRDA:177,13,1,0
BRDA:178,14,0,1
BRDA:178,14,1,1
BRDA:189,15,0,1
BRDA:189,15,1,3
BRDA:189,16,0,4
BRDA:189,16,1,2
BRDA:192,17,0,1
BRDA:192,17,1,2
BRDA:194,18,0,1
BRDA:194,18,1,1
BRDA:204,19,0,1
BRDA:204,19,1,2
BRDA:208,20,0,1
BRDA:208,20,1,1
BRF:42
BRH:39
end_of_record
TN:
SF:src\services\WebSocketService.ts
FN:11,(anonymous_0)
FN:19,(anonymous_1)
FN:22,(anonymous_2)
FN:26,(anonymous_3)
FN:34,(anonymous_4)
FN:46,(anonymous_5)
FN:55,(anonymous_6)
FNF:7
FNH:0
FNDA:0,(anonymous_0)
FNDA:0,(anonymous_1)
FNDA:0,(anonymous_2)
FNDA:0,(anonymous_3)
FNDA:0,(anonymous_4)
FNDA:0,(anonymous_5)
FNDA:0,(anonymous_6)
DA:12,0
DA:13,0
DA:20,0
DA:22,0
DA:23,0
DA:26,0
DA:27,0
DA:28,0
DA:29,0
DA:30,0
DA:34,0
DA:35,0
DA:37,0
DA:38,0
DA:47,0
DA:48,0
DA:56,0
DA:57,0
LF:18
LH:0
BRDA:27,0,0,0
BRDA:27,0,1,0
BRDA:47,1,0,0
BRDA:47,1,1,0
BRDA:56,2,0,0
BRDA:56,2,1,0
BRF:6
BRH:0
end_of_record
TN:
SF:src\utils\AppError.ts
FN:7,(anonymous_0)
FNF:1
FNH:1
FNDA:62,(anonymous_0)
DA:8,62
DA:9,62
DA:10,62
DA:11,62
DA:12,62
DA:14,62
LF:6
LH:6
BRDA:7,0,0,62
BRDA:10,1,0,54
BRDA:10,1,1,8
BRF:3
BRH:3
end_of_record
TN:
SF:src\utils\cpfValidator.ts
FN:6,(anonymous_0)
FN:62,(anonymous_1)
FN:71,(anonymous_2)
FNF:3
FNH:3
FNDA:23,(anonymous_0)
FNDA:17,(anonymous_1)
FNDA:2,(anonymous_2)
DA:6,3
DA:8,23
DA:11,23
DA:12,3
DA:16,20
DA:17,4
DA:21,16
DA:23,16
DA:24,144
DA:27,16
DA:29,16
DA:30,0
DA:33,16
DA:34,0
DA:38,16
DA:40,16
DA:41,160
DA:44,16
DA:46,16
DA:47,0
DA:50,16
DA:51,2
DA:54,14
DA:62,3
DA:63,17
DA:71,3
DA:72,2
DA:74,2
LF:28
LH:25
BRDA:11,0,0,3
BRDA:11,0,1,20
BRDA:16,1,0,4
BRDA:16,1,1,16
BRDA:29,2,0,0
BRDA:29,2,1,16
BRDA:33,3,0,0
BRDA:33,3,1,16
BRDA:46,4,0,0
BRDA:46,4,1,16
BRDA:50,5,0,2
BRDA:50,5,1,14
BRF:12
BRH:9
end_of_record
TN:
SF:src\utils\csvParser.ts
FN:9,(anonymous_0)
FN:13,(anonymous_1)
FN:24,(anonymous_2)
FN:32,(anonymous_3)
FN:36,(anonymous_4)
FNF:5
FNH:4
FNDA:15,(anonymous_0)
FNDA:15,(anonymous_1)
FNDA:28,(anonymous_2)
FNDA:0,(anonymous_3)
FNDA:15,(anonymous_4)
DA:9,1
DA:13,15
DA:14,15
DA:16,15
DA:24,15
DA:27,28
DA:28,13
DA:32,15
DA:33,0
DA:36,15
DA:37,15
DA:46,1
DA:55,1
DA:71,1
LF:14
LH:13
BRF:0
BRH:0
end_of_record
TN:
SF:src\utils\pagination.ts
FN:11,(anonymous_0)
FN:27,(anonymous_1)
FNF:2
FNH:2
FNDA:31,(anonymous_0)
FNDA:26,(anonymous_1)
DA:3,4
DA:4,4
DA:11,4
DA:12,31
DA:13,31
DA:14,31
DA:16,31
DA:27,4
DA:28,26
DA:30,26
LF:10
LH:10
BRDA:12,0,0,31
BRDA:12,0,1,26
BRDA:12,1,0,31
BRDA:12,1,1,24
BRDA:13,2,0,31
BRDA:13,2,1,25
BRDA:13,3,0,31
BRDA:13,3,1,24
BRF:8
BRH:8
end_of_record
TN:
SF:src\validators\adminValidator.ts
FN:9,(anonymous_0)
FNF:1
FNH:0
FNDA:0,(anonymous_0)
DA:9,0
DA:10,0
DA:11,0
DA:14,0
DA:16,0
DA:17,0
DA:23,0
LF:7
LH:0
BRDA:10,0,0,0
BRDA:10,0,1,0
BRDA:16,1,0,0
BRDA:16,1,1,0
BRF:4
BRH:0
end_of_record
TN:
SF:src\validators\authValidator.ts
FN:16,(anonymous_0)
FNF:1
FNH:0
FNDA:0,(anonymous_0)
DA:4,0
DA:17,0
DA:18,0
DA:21,0
DA:39,0
DA:51,0
DA:61,0
LF:7
LH:0
BRDA:17,0,0,0
BRDA:17,0,1,0
BRF:2
BRH:0
end_of_record
TN:
SF:src\validators\paymentValidator.ts
FNF:0
FNH:0
DA:3,0
LF:1
LH:0
BRF:0
BRH:0
end_of_record
TN:
SF:src\validators\userValidator.ts
FNF:0
FNH:0
DA:9,0
LF:1
LH:0
BRF:0
BRH:0
end_of_record
TN:
SF:src\validators\validationMiddleware.ts
FN:9,(anonymous_0)
FN:16,(anonymous_1)
FNF:2
FNH:0
FNDA:0,(anonymous_0)
FNDA:0,(anonymous_1)
DA:9,0
DA:10,0
DA:12,0
DA:13,0
DA:16,0
DA:22,0
DA:25,0
LF:7
LH:0
BRDA:12,0,0,0
BRDA:12,0,1,0
BRDA:17,1,0,0
BRDA:17,1,1,0
BRF:4
BRH:0
end_of_record
